<?xml version="1.0" encoding="UTF-8"?>
<testng-results skipped="0" failed="0" ignored="0" total="1" passed="1">
  <reporter-output>
  </reporter-output>
  <suite name="Suite" duration-ms="17526" started-at="2021-04-23T11:07:56 IST" finished-at="2021-04-23T11:08:13 IST">
    <groups>
    </groups>
    <test name="Test" duration-ms="17526" started-at="2021-04-23T11:07:56 IST" finished-at="2021-04-23T11:08:13 IST">
      <class name="sdetapril.Tc__001">
        <test-method status="PASS" signature="getTitle()[pri:0, instance:sdetapril.Tc__001@694e1548]" name="getTitle" duration-ms="17376" started-at="2021-04-23T11:07:56 IST" finished-at="2021-04-23T11:08:13 IST">
          <reporter-output>
          </reporter-output>
        </test-method> <!-- getTitle -->
      </class> <!-- sdetapril.Tc__001 -->
    </test> <!-- Test -->
  </suite> <!-- Suite -->
</testng-results>
